Started at Sun Mar 12 09:55:53 UTC 2023
Processing job1
Offering job1 to Project Build Discarder
Processing test-c-project
Offering test-c-project to Project Build Discarder
Finished at Sun Mar 12 09:55:53 UTC 2023. 1ms
Started at Sun Mar 12 10:55:53 UTC 2023
Processing job1
Offering job1 to Project Build Discarder
Processing test-c-project
Offering test-c-project to Project Build Discarder
Finished at Sun Mar 12 10:55:53 UTC 2023. 1ms
Started at Sun Mar 12 11:55:53 UTC 2023
Processing job1
Offering job1 to Project Build Discarder
Processing test-c-project
Offering test-c-project to Project Build Discarder
Finished at Sun Mar 12 11:55:53 UTC 2023. 1ms
Started at Sun Mar 12 12:55:53 UTC 2023
Processing job1
Offering job1 to Project Build Discarder
Processing test-c-project
Offering test-c-project to Project Build Discarder
Finished at Sun Mar 12 12:55:53 UTC 2023. 2ms
